CRITICAL - 2023-09-19 04:09:25 --> Invalid file: App\Views\Pager\paginationbutton.php
in SYSTEMPATH/Exceptions/FrameworkException.php on line 33.
 1 SYSTEMPATH/View/View.php(201): CodeIgniter\Exceptions\FrameworkException::forInvalidFile()
 2 SYSTEMPATH/Pager/Pager.php(126): CodeIgniter\View\View->render()
 3 SYSTEMPATH/Pager/Pager.php(83): CodeIgniter\Pager\Pager->displayLinks()
 4 APPPATH/Views/user/v_user_berita.php(34): CodeIgniter\Pager\Pager->links()
 5 SYSTEMPATH/View/View.php(213): include('APPPATH/Views/user/v_user_berita.php')
 6 SYSTEMPATH/View/View.php(216): CodeIgniter\View\View->CodeIgniter\View\{closure}()
 7 SYSTEMPATH/Common.php(1142): CodeIgniter\View\View->render()
 8 APPPATH/Controllers/User/Berita.php(49): view()
 9 SYSTEMPATH/CodeIgniter.php(907): App\Controllers\User\Berita->index()
10 SYSTEMPATH/CodeIgniter.php(457): CodeIgniter\CodeIgniter->runController()
11 SYSTEMPATH/CodeIgniter.php(340): CodeIgniter\CodeIgniter->handleRequest()
12 FCPATH/index.php(67): CodeIgniter\CodeIgniter->run()
CRITICAL - 2023-09-19 04:09:37 --> Invalid file: App\Views\Pager\paginationbutton.php
in SYSTEMPATH/Exceptions/FrameworkException.php on line 33.
 1 SYSTEMPATH/View/View.php(201): CodeIgniter\Exceptions\FrameworkException::forInvalidFile()
 2 SYSTEMPATH/Pager/Pager.php(126): CodeIgniter\View\View->render()
 3 SYSTEMPATH/Pager/Pager.php(83): CodeIgniter\Pager\Pager->displayLinks()
 4 APPPATH/Views/user/v_user_berita.php(34): CodeIgniter\Pager\Pager->links()
 5 SYSTEMPATH/View/View.php(213): include('APPPATH/Views/user/v_user_berita.php')
 6 SYSTEMPATH/View/View.php(216): CodeIgniter\View\View->CodeIgniter\View\{closure}()
 7 SYSTEMPATH/Common.php(1142): CodeIgniter\View\View->render()
 8 APPPATH/Controllers/User/Berita.php(49): view()
 9 SYSTEMPATH/CodeIgniter.php(907): App\Controllers\User\Berita->index()
10 SYSTEMPATH/CodeIgniter.php(457): CodeIgniter\CodeIgniter->runController()
11 SYSTEMPATH/CodeIgniter.php(340): CodeIgniter\CodeIgniter->handleRequest()
12 FCPATH/index.php(67): CodeIgniter\CodeIgniter->run()
CRITICAL - 2023-09-19 04:09:53 --> Invalid file: App\Views\Pager\paginationbutton.php
in SYSTEMPATH/Exceptions/FrameworkException.php on line 33.
 1 SYSTEMPATH/View/View.php(201): CodeIgniter\Exceptions\FrameworkException::forInvalidFile()
 2 SYSTEMPATH/Pager/Pager.php(126): CodeIgniter\View\View->render()
 3 SYSTEMPATH/Pager/Pager.php(83): CodeIgniter\Pager\Pager->displayLinks()
 4 APPPATH/Views/user/v_user_berita.php(34): CodeIgniter\Pager\Pager->links()
 5 SYSTEMPATH/View/View.php(213): include('APPPATH/Views/user/v_user_berita.php')
 6 SYSTEMPATH/View/View.php(216): CodeIgniter\View\View->CodeIgniter\View\{closure}()
 7 SYSTEMPATH/Common.php(1142): CodeIgniter\View\View->render()
 8 APPPATH/Controllers/User/Berita.php(49): view()
 9 SYSTEMPATH/CodeIgniter.php(907): App\Controllers\User\Berita->index()
10 SYSTEMPATH/CodeIgniter.php(457): CodeIgniter\CodeIgniter->runController()
11 SYSTEMPATH/CodeIgniter.php(340): CodeIgniter\CodeIgniter->handleRequest()
12 FCPATH/index.php(67): CodeIgniter\CodeIgniter->run()
CRITICAL - 2023-09-19 04:09:56 --> Invalid file: App\Views\Pager\paginationbutton.php
in SYSTEMPATH/Exceptions/FrameworkException.php on line 33.
 1 SYSTEMPATH/View/View.php(201): CodeIgniter\Exceptions\FrameworkException::forInvalidFile()
 2 SYSTEMPATH/Pager/Pager.php(126): CodeIgniter\View\View->render()
 3 SYSTEMPATH/Pager/Pager.php(83): CodeIgniter\Pager\Pager->displayLinks()
 4 APPPATH/Views/user/v_user_berita.php(34): CodeIgniter\Pager\Pager->links()
 5 SYSTEMPATH/View/View.php(213): include('APPPATH/Views/user/v_user_berita.php')
 6 SYSTEMPATH/View/View.php(216): CodeIgniter\View\View->CodeIgniter\View\{closure}()
 7 SYSTEMPATH/Common.php(1142): CodeIgniter\View\View->render()
 8 APPPATH/Controllers/User/Berita.php(49): view()
 9 SYSTEMPATH/CodeIgniter.php(907): App\Controllers\User\Berita->index()
10 SYSTEMPATH/CodeIgniter.php(457): CodeIgniter\CodeIgniter->runController()
11 SYSTEMPATH/CodeIgniter.php(340): CodeIgniter\CodeIgniter->handleRequest()
12 FCPATH/index.php(67): CodeIgniter\CodeIgniter->run()
CRITICAL - 2023-09-19 04:13:48 --> Invalid file: App\Views\Pager\paginationbutton.php
in SYSTEMPATH/Exceptions/FrameworkException.php on line 33.
 1 SYSTEMPATH/View/View.php(201): CodeIgniter\Exceptions\FrameworkException::forInvalidFile()
 2 SYSTEMPATH/Pager/Pager.php(126): CodeIgniter\View\View->render()
 3 SYSTEMPATH/Pager/Pager.php(83): CodeIgniter\Pager\Pager->displayLinks()
 4 APPPATH/Views/user/v_user_berita.php(34): CodeIgniter\Pager\Pager->links()
 5 SYSTEMPATH/View/View.php(213): include('APPPATH/Views/user/v_user_berita.php')
 6 SYSTEMPATH/View/View.php(216): CodeIgniter\View\View->CodeIgniter\View\{closure}()
 7 SYSTEMPATH/Common.php(1142): CodeIgniter\View\View->render()
 8 APPPATH/Controllers/User/Berita.php(49): view()
 9 SYSTEMPATH/CodeIgniter.php(907): App\Controllers\User\Berita->index()
10 SYSTEMPATH/CodeIgniter.php(457): CodeIgniter\CodeIgniter->runController()
11 SYSTEMPATH/CodeIgniter.php(340): CodeIgniter\CodeIgniter->handleRequest()
12 FCPATH/index.php(67): CodeIgniter\CodeIgniter->run()
CRITICAL - 2023-09-19 04:14:31 --> Invalid file: App\Views\Pager\paginationbutton.php
in SYSTEMPATH/Exceptions/FrameworkException.php on line 33.
 1 SYSTEMPATH/View/View.php(201): CodeIgniter\Exceptions\FrameworkException::forInvalidFile()
 2 SYSTEMPATH/Pager/Pager.php(126): CodeIgniter\View\View->render()
 3 SYSTEMPATH/Pager/Pager.php(83): CodeIgniter\Pager\Pager->displayLinks()
 4 APPPATH/Views/user/v_user_berita.php(34): CodeIgniter\Pager\Pager->links()
 5 SYSTEMPATH/View/View.php(213): include('APPPATH/Views/user/v_user_berita.php')
 6 SYSTEMPATH/View/View.php(216): CodeIgniter\View\View->CodeIgniter\View\{closure}()
 7 SYSTEMPATH/Common.php(1142): CodeIgniter\View\View->render()
 8 APPPATH/Controllers/User/Berita.php(49): view()
 9 SYSTEMPATH/CodeIgniter.php(907): App\Controllers\User\Berita->index()
10 SYSTEMPATH/CodeIgniter.php(457): CodeIgniter\CodeIgniter->runController()
11 SYSTEMPATH/CodeIgniter.php(340): CodeIgniter\CodeIgniter->handleRequest()
12 FCPATH/index.php(67): CodeIgniter\CodeIgniter->run()
CRITICAL - 2023-09-19 04:17:52 --> Invalid file: App\Views\Pager\paginationbutton.php
in SYSTEMPATH/Exceptions/FrameworkException.php on line 33.
 1 SYSTEMPATH/View/View.php(201): CodeIgniter\Exceptions\FrameworkException::forInvalidFile()
 2 SYSTEMPATH/Pager/Pager.php(126): CodeIgniter\View\View->render()
 3 SYSTEMPATH/Pager/Pager.php(83): CodeIgniter\Pager\Pager->displayLinks()
 4 APPPATH/Views/user/v_user_berita.php(34): CodeIgniter\Pager\Pager->links()
 5 SYSTEMPATH/View/View.php(213): include('APPPATH/Views/user/v_user_berita.php')
 6 SYSTEMPATH/View/View.php(216): CodeIgniter\View\View->CodeIgniter\View\{closure}()
 7 SYSTEMPATH/Common.php(1142): CodeIgniter\View\View->render()
 8 APPPATH/Controllers/User/Berita.php(49): view()
 9 SYSTEMPATH/CodeIgniter.php(907): App\Controllers\User\Berita->index()
10 SYSTEMPATH/CodeIgniter.php(457): CodeIgniter\CodeIgniter->runController()
11 SYSTEMPATH/CodeIgniter.php(340): CodeIgniter\CodeIgniter->handleRequest()
12 FCPATH/index.php(67): CodeIgniter\CodeIgniter->run()
CRITICAL - 2023-09-19 04:19:47 --> Invalid file: App\Views\Pager\paginationbutton.php
in SYSTEMPATH/Exceptions/FrameworkException.php on line 33.
 1 SYSTEMPATH/View/View.php(201): CodeIgniter\Exceptions\FrameworkException::forInvalidFile()
 2 SYSTEMPATH/Pager/Pager.php(126): CodeIgniter\View\View->render()
 3 SYSTEMPATH/Pager/Pager.php(83): CodeIgniter\Pager\Pager->displayLinks()
 4 APPPATH/Views/user/v_user_berita.php(34): CodeIgniter\Pager\Pager->links()
 5 SYSTEMPATH/View/View.php(213): include('APPPATH/Views/user/v_user_berita.php')
 6 SYSTEMPATH/View/View.php(216): CodeIgniter\View\View->CodeIgniter\View\{closure}()
 7 SYSTEMPATH/Common.php(1142): CodeIgniter\View\View->render()
 8 APPPATH/Controllers/User/Berita.php(49): view()
 9 SYSTEMPATH/CodeIgniter.php(907): App\Controllers\User\Berita->index()
10 SYSTEMPATH/CodeIgniter.php(457): CodeIgniter\CodeIgniter->runController()
11 SYSTEMPATH/CodeIgniter.php(340): CodeIgniter\CodeIgniter->handleRequest()
12 FCPATH/index.php(67): CodeIgniter\CodeIgniter->run()
CRITICAL - 2023-09-19 04:21:53 --> Invalid file: App\Views\Pager\paginationbutton.php
in SYSTEMPATH/Exceptions/FrameworkException.php on line 33.
 1 SYSTEMPATH/View/View.php(201): CodeIgniter\Exceptions\FrameworkException::forInvalidFile()
 2 SYSTEMPATH/Pager/Pager.php(126): CodeIgniter\View\View->render()
 3 SYSTEMPATH/Pager/Pager.php(83): CodeIgniter\Pager\Pager->displayLinks()
 4 APPPATH/Views/user/v_user_berita.php(34): CodeIgniter\Pager\Pager->links()
 5 SYSTEMPATH/View/View.php(213): include('APPPATH/Views/user/v_user_berita.php')
 6 SYSTEMPATH/View/View.php(216): CodeIgniter\View\View->CodeIgniter\View\{closure}()
 7 SYSTEMPATH/Common.php(1142): CodeIgniter\View\View->render()
 8 APPPATH/Controllers/User/Berita.php(49): view()
 9 SYSTEMPATH/CodeIgniter.php(907): App\Controllers\User\Berita->index()
10 SYSTEMPATH/CodeIgniter.php(457): CodeIgniter\CodeIgniter->runController()
11 SYSTEMPATH/CodeIgniter.php(340): CodeIgniter\CodeIgniter->handleRequest()
12 FCPATH/index.php(67): CodeIgniter\CodeIgniter->run()
CRITICAL - 2023-09-19 04:29:21 --> Invalid file: app\views\pager\paginationbutton.php
in SYSTEMPATH/Exceptions/FrameworkException.php on line 33.
 1 SYSTEMPATH/View/View.php(201): CodeIgniter\Exceptions\FrameworkException::forInvalidFile()
 2 SYSTEMPATH/Pager/Pager.php(126): CodeIgniter\View\View->render()
 3 SYSTEMPATH/Pager/Pager.php(83): CodeIgniter\Pager\Pager->displayLinks()
 4 APPPATH/Views/user/v_user_berita.php(34): CodeIgniter\Pager\Pager->links()
 5 SYSTEMPATH/View/View.php(213): include('APPPATH/Views/user/v_user_berita.php')
 6 SYSTEMPATH/View/View.php(216): CodeIgniter\View\View->CodeIgniter\View\{closure}()
 7 SYSTEMPATH/Common.php(1142): CodeIgniter\View\View->render()
 8 APPPATH/Controllers/User/Berita.php(49): view()
 9 SYSTEMPATH/CodeIgniter.php(907): App\Controllers\User\Berita->index()
10 SYSTEMPATH/CodeIgniter.php(457): CodeIgniter\CodeIgniter->runController()
11 SYSTEMPATH/CodeIgniter.php(340): CodeIgniter\CodeIgniter->handleRequest()
12 FCPATH/index.php(67): CodeIgniter\CodeIgniter->run()
CRITICAL - 2023-09-19 04:29:23 --> Invalid file: app\views\pager\paginationbutton.php
in SYSTEMPATH/Exceptions/FrameworkException.php on line 33.
 1 SYSTEMPATH/View/View.php(201): CodeIgniter\Exceptions\FrameworkException::forInvalidFile()
 2 SYSTEMPATH/Pager/Pager.php(126): CodeIgniter\View\View->render()
 3 SYSTEMPATH/Pager/Pager.php(83): CodeIgniter\Pager\Pager->displayLinks()
 4 APPPATH/Views/user/v_user_berita.php(34): CodeIgniter\Pager\Pager->links()
 5 SYSTEMPATH/View/View.php(213): include('APPPATH/Views/user/v_user_berita.php')
 6 SYSTEMPATH/View/View.php(216): CodeIgniter\View\View->CodeIgniter\View\{closure}()
 7 SYSTEMPATH/Common.php(1142): CodeIgniter\View\View->render()
 8 APPPATH/Controllers/User/Berita.php(49): view()
 9 SYSTEMPATH/CodeIgniter.php(907): App\Controllers\User\Berita->index()
10 SYSTEMPATH/CodeIgniter.php(457): CodeIgniter\CodeIgniter->runController()
11 SYSTEMPATH/CodeIgniter.php(340): CodeIgniter\CodeIgniter->handleRequest()
12 FCPATH/index.php(67): CodeIgniter\CodeIgniter->run()
CRITICAL - 2023-09-19 04:30:11 --> Invalid file: .\app\views\pager\paginationbutton
in SYSTEMPATH/Exceptions/FrameworkException.php on line 33.
 1 SYSTEMPATH/View/View.php(201): CodeIgniter\Exceptions\FrameworkException::forInvalidFile()
 2 SYSTEMPATH/Pager/Pager.php(126): CodeIgniter\View\View->render()
 3 SYSTEMPATH/Pager/Pager.php(83): CodeIgniter\Pager\Pager->displayLinks()
 4 APPPATH/Views/user/v_user_berita.php(34): CodeIgniter\Pager\Pager->links()
 5 SYSTEMPATH/View/View.php(213): include('APPPATH/Views/user/v_user_berita.php')
 6 SYSTEMPATH/View/View.php(216): CodeIgniter\View\View->CodeIgniter\View\{closure}()
 7 SYSTEMPATH/Common.php(1142): CodeIgniter\View\View->render()
 8 APPPATH/Controllers/User/Berita.php(49): view()
 9 SYSTEMPATH/CodeIgniter.php(907): App\Controllers\User\Berita->index()
10 SYSTEMPATH/CodeIgniter.php(457): CodeIgniter\CodeIgniter->runController()
11 SYSTEMPATH/CodeIgniter.php(340): CodeIgniter\CodeIgniter->handleRequest()
12 FCPATH/index.php(67): CodeIgniter\CodeIgniter->run()
CRITICAL - 2023-09-19 04:30:26 --> Invalid file: App\Views\Pager\paginationbutton.php
in SYSTEMPATH/Exceptions/FrameworkException.php on line 33.
 1 SYSTEMPATH/View/View.php(201): CodeIgniter\Exceptions\FrameworkException::forInvalidFile()
 2 SYSTEMPATH/Pager/Pager.php(126): CodeIgniter\View\View->render()
 3 SYSTEMPATH/Pager/Pager.php(83): CodeIgniter\Pager\Pager->displayLinks()
 4 APPPATH/Views/user/v_user_berita.php(34): CodeIgniter\Pager\Pager->links()
 5 SYSTEMPATH/View/View.php(213): include('APPPATH/Views/user/v_user_berita.php')
 6 SYSTEMPATH/View/View.php(216): CodeIgniter\View\View->CodeIgniter\View\{closure}()
 7 SYSTEMPATH/Common.php(1142): CodeIgniter\View\View->render()
 8 APPPATH/Controllers/User/Berita.php(49): view()
 9 SYSTEMPATH/CodeIgniter.php(907): App\Controllers\User\Berita->index()
10 SYSTEMPATH/CodeIgniter.php(457): CodeIgniter\CodeIgniter->runController()
11 SYSTEMPATH/CodeIgniter.php(340): CodeIgniter\CodeIgniter->handleRequest()
12 FCPATH/index.php(67): CodeIgniter\CodeIgniter->run()
CRITICAL - 2023-09-19 04:31:21 --> Invalid file: app\Views\pager\paginationbutton.php
in SYSTEMPATH/Exceptions/FrameworkException.php on line 33.
 1 SYSTEMPATH/View/View.php(201): CodeIgniter\Exceptions\FrameworkException::forInvalidFile()
 2 SYSTEMPATH/Pager/Pager.php(126): CodeIgniter\View\View->render()
 3 SYSTEMPATH/Pager/Pager.php(83): CodeIgniter\Pager\Pager->displayLinks()
 4 APPPATH/Views/user/v_user_berita.php(34): CodeIgniter\Pager\Pager->links()
 5 SYSTEMPATH/View/View.php(213): include('APPPATH/Views/user/v_user_berita.php')
 6 SYSTEMPATH/View/View.php(216): CodeIgniter\View\View->CodeIgniter\View\{closure}()
 7 SYSTEMPATH/Common.php(1142): CodeIgniter\View\View->render()
 8 APPPATH/Controllers/User/Berita.php(49): view()
 9 SYSTEMPATH/CodeIgniter.php(907): App\Controllers\User\Berita->index()
10 SYSTEMPATH/CodeIgniter.php(457): CodeIgniter\CodeIgniter->runController()
11 SYSTEMPATH/CodeIgniter.php(340): CodeIgniter\CodeIgniter->handleRequest()
12 FCPATH/index.php(67): CodeIgniter\CodeIgniter->run()
CRITICAL - 2023-09-19 04:31:22 --> Invalid file: app\Views\pager\paginationbutton.php
in SYSTEMPATH/Exceptions/FrameworkException.php on line 33.
 1 SYSTEMPATH/View/View.php(201): CodeIgniter\Exceptions\FrameworkException::forInvalidFile()
 2 SYSTEMPATH/Pager/Pager.php(126): CodeIgniter\View\View->render()
 3 SYSTEMPATH/Pager/Pager.php(83): CodeIgniter\Pager\Pager->displayLinks()
 4 APPPATH/Views/user/v_user_berita.php(34): CodeIgniter\Pager\Pager->links()
 5 SYSTEMPATH/View/View.php(213): include('APPPATH/Views/user/v_user_berita.php')
 6 SYSTEMPATH/View/View.php(216): CodeIgniter\View\View->CodeIgniter\View\{closure}()
 7 SYSTEMPATH/Common.php(1142): CodeIgniter\View\View->render()
 8 APPPATH/Controllers/User/Berita.php(49): view()
 9 SYSTEMPATH/CodeIgniter.php(907): App\Controllers\User\Berita->index()
10 SYSTEMPATH/CodeIgniter.php(457): CodeIgniter\CodeIgniter->runController()
11 SYSTEMPATH/CodeIgniter.php(340): CodeIgniter\CodeIgniter->handleRequest()
12 FCPATH/index.php(67): CodeIgniter\CodeIgniter->run()
CRITICAL - 2023-09-19 04:32:29 --> Invalid file: app\Views\pager\paginationbutton.php
in SYSTEMPATH/Exceptions/FrameworkException.php on line 33.
 1 SYSTEMPATH/View/View.php(201): CodeIgniter\Exceptions\FrameworkException::forInvalidFile()
 2 SYSTEMPATH/Pager/Pager.php(126): CodeIgniter\View\View->render()
 3 SYSTEMPATH/Pager/Pager.php(83): CodeIgniter\Pager\Pager->displayLinks()
 4 APPPATH/Views/user/v_user_berita.php(34): CodeIgniter\Pager\Pager->links()
 5 SYSTEMPATH/View/View.php(213): include('APPPATH/Views/user/v_user_berita.php')
 6 SYSTEMPATH/View/View.php(216): CodeIgniter\View\View->CodeIgniter\View\{closure}()
 7 SYSTEMPATH/Common.php(1142): CodeIgniter\View\View->render()
 8 APPPATH/Controllers/User/Berita.php(49): view()
 9 SYSTEMPATH/CodeIgniter.php(907): App\Controllers\User\Berita->index()
10 SYSTEMPATH/CodeIgniter.php(457): CodeIgniter\CodeIgniter->runController()
11 SYSTEMPATH/CodeIgniter.php(340): CodeIgniter\CodeIgniter->handleRequest()
12 FCPATH/index.php(67): CodeIgniter\CodeIgniter->run()
CRITICAL - 2023-09-19 04:32:40 --> Invalid file: \app\Views\pager\paginationbutton.php
in SYSTEMPATH/Exceptions/FrameworkException.php on line 33.
 1 SYSTEMPATH/View/View.php(201): CodeIgniter\Exceptions\FrameworkException::forInvalidFile()
 2 SYSTEMPATH/Pager/Pager.php(126): CodeIgniter\View\View->render()
 3 SYSTEMPATH/Pager/Pager.php(83): CodeIgniter\Pager\Pager->displayLinks()
 4 APPPATH/Views/user/v_user_berita.php(34): CodeIgniter\Pager\Pager->links()
 5 SYSTEMPATH/View/View.php(213): include('APPPATH/Views/user/v_user_berita.php')
 6 SYSTEMPATH/View/View.php(216): CodeIgniter\View\View->CodeIgniter\View\{closure}()
 7 SYSTEMPATH/Common.php(1142): CodeIgniter\View\View->render()
 8 APPPATH/Controllers/User/Berita.php(49): view()
 9 SYSTEMPATH/CodeIgniter.php(907): App\Controllers\User\Berita->index()
10 SYSTEMPATH/CodeIgniter.php(457): CodeIgniter\CodeIgniter->runController()
11 SYSTEMPATH/CodeIgniter.php(340): CodeIgniter\CodeIgniter->handleRequest()
12 FCPATH/index.php(67): CodeIgniter\CodeIgniter->run()
CRITICAL - 2023-09-19 04:35:43 --> Invalid file: ..\Views\pager\paginationbutton
in SYSTEMPATH/Exceptions/FrameworkException.php on line 33.
 1 SYSTEMPATH/View/View.php(201): CodeIgniter\Exceptions\FrameworkException::forInvalidFile()
 2 SYSTEMPATH/Pager/Pager.php(126): CodeIgniter\View\View->render()
 3 SYSTEMPATH/Pager/Pager.php(83): CodeIgniter\Pager\Pager->displayLinks()
 4 APPPATH/Views/user/v_user_berita.php(34): CodeIgniter\Pager\Pager->links()
 5 SYSTEMPATH/View/View.php(213): include('APPPATH/Views/user/v_user_berita.php')
 6 SYSTEMPATH/View/View.php(216): CodeIgniter\View\View->CodeIgniter\View\{closure}()
 7 SYSTEMPATH/Common.php(1142): CodeIgniter\View\View->render()
 8 APPPATH/Controllers/User/Berita.php(49): view()
 9 SYSTEMPATH/CodeIgniter.php(907): App\Controllers\User\Berita->index()
10 SYSTEMPATH/CodeIgniter.php(457): CodeIgniter\CodeIgniter->runController()
11 SYSTEMPATH/CodeIgniter.php(340): CodeIgniter\CodeIgniter->handleRequest()
12 FCPATH/index.php(67): CodeIgniter\CodeIgniter->run()
CRITICAL - 2023-09-19 04:38:56 --> Invalid file: app\Views\pager\paginationbutton.php
in SYSTEMPATH/Exceptions/FrameworkException.php on line 33.
 1 SYSTEMPATH/View/View.php(201): CodeIgniter\Exceptions\FrameworkException::forInvalidFile()
 2 SYSTEMPATH/Pager/Pager.php(126): CodeIgniter\View\View->render()
 3 SYSTEMPATH/Pager/Pager.php(83): CodeIgniter\Pager\Pager->displayLinks()
 4 APPPATH/Views/user/v_user_berita.php(34): CodeIgniter\Pager\Pager->links()
 5 SYSTEMPATH/View/View.php(213): include('APPPATH/Views/user/v_user_berita.php')
 6 SYSTEMPATH/View/View.php(216): CodeIgniter\View\View->CodeIgniter\View\{closure}()
 7 SYSTEMPATH/Common.php(1142): CodeIgniter\View\View->render()
 8 APPPATH/Controllers/User/Berita.php(49): view()
 9 SYSTEMPATH/CodeIgniter.php(907): App\Controllers\User\Berita->index()
10 SYSTEMPATH/CodeIgniter.php(457): CodeIgniter\CodeIgniter->runController()
11 SYSTEMPATH/CodeIgniter.php(340): CodeIgniter\CodeIgniter->handleRequest()
12 FCPATH/index.php(67): CodeIgniter\CodeIgniter->run()
CRITICAL - 2023-09-19 04:41:57 --> Invalid file: app\Views\pager\paginationbutton.php
in SYSTEMPATH/Exceptions/FrameworkException.php on line 33.
 1 SYSTEMPATH/View/View.php(201): CodeIgniter\Exceptions\FrameworkException::forInvalidFile()
 2 SYSTEMPATH/Pager/Pager.php(126): CodeIgniter\View\View->render()
 3 SYSTEMPATH/Pager/Pager.php(83): CodeIgniter\Pager\Pager->displayLinks()
 4 APPPATH/Views/user/v_user_berita.php(34): CodeIgniter\Pager\Pager->links()
 5 SYSTEMPATH/View/View.php(213): include('APPPATH/Views/user/v_user_berita.php')
 6 SYSTEMPATH/View/View.php(216): CodeIgniter\View\View->CodeIgniter\View\{closure}()
 7 SYSTEMPATH/Common.php(1142): CodeIgniter\View\View->render()
 8 APPPATH/Controllers/User/Berita.php(49): view()
 9 SYSTEMPATH/CodeIgniter.php(907): App\Controllers\User\Berita->index()
10 SYSTEMPATH/CodeIgniter.php(457): CodeIgniter\CodeIgniter->runController()
11 SYSTEMPATH/CodeIgniter.php(340): CodeIgniter\CodeIgniter->handleRequest()
12 FCPATH/index.php(67): CodeIgniter\CodeIgniter->run()
CRITICAL - 2023-09-19 04:42:27 --> Invalid file: app\Views\pager\paginationbutton.php
in SYSTEMPATH/Exceptions/FrameworkException.php on line 33.
 1 SYSTEMPATH/View/View.php(201): CodeIgniter\Exceptions\FrameworkException::forInvalidFile()
 2 SYSTEMPATH/Pager/Pager.php(126): CodeIgniter\View\View->render()
 3 SYSTEMPATH/Pager/Pager.php(83): CodeIgniter\Pager\Pager->displayLinks()
 4 APPPATH/Views/user/v_user_berita.php(34): CodeIgniter\Pager\Pager->links()
 5 SYSTEMPATH/View/View.php(213): include('APPPATH/Views/user/v_user_berita.php')
 6 SYSTEMPATH/View/View.php(216): CodeIgniter\View\View->CodeIgniter\View\{closure}()
 7 SYSTEMPATH/Common.php(1142): CodeIgniter\View\View->render()
 8 APPPATH/Controllers/User/Berita.php(49): view()
 9 SYSTEMPATH/CodeIgniter.php(907): App\Controllers\User\Berita->index()
10 SYSTEMPATH/CodeIgniter.php(457): CodeIgniter\CodeIgniter->runController()
11 SYSTEMPATH/CodeIgniter.php(340): CodeIgniter\CodeIgniter->handleRequest()
12 FCPATH/index.php(67): CodeIgniter\CodeIgniter->run()
CRITICAL - 2023-09-19 04:43:17 --> Invalid file: app\Views\pager\paginationbutton.php
in SYSTEMPATH/Exceptions/FrameworkException.php on line 33.
 1 SYSTEMPATH/View/View.php(201): CodeIgniter\Exceptions\FrameworkException::forInvalidFile()
 2 SYSTEMPATH/Pager/Pager.php(126): CodeIgniter\View\View->render()
 3 SYSTEMPATH/Pager/Pager.php(83): CodeIgniter\Pager\Pager->displayLinks()
 4 APPPATH/Views/user/v_user_berita.php(34): CodeIgniter\Pager\Pager->links()
 5 SYSTEMPATH/View/View.php(213): include('APPPATH/Views/user/v_user_berita.php')
 6 SYSTEMPATH/View/View.php(216): CodeIgniter\View\View->CodeIgniter\View\{closure}()
 7 SYSTEMPATH/Common.php(1142): CodeIgniter\View\View->render()
 8 APPPATH/Controllers/User/Berita.php(49): view()
 9 SYSTEMPATH/CodeIgniter.php(907): App\Controllers\User\Berita->index()
10 SYSTEMPATH/CodeIgniter.php(457): CodeIgniter\CodeIgniter->runController()
11 SYSTEMPATH/CodeIgniter.php(340): CodeIgniter\CodeIgniter->handleRequest()
12 FCPATH/index.php(67): CodeIgniter\CodeIgniter->run()
CRITICAL - 2023-09-19 04:43:36 --> Invalid file: app\Views\pager\pagination.php
in SYSTEMPATH/Exceptions/FrameworkException.php on line 33.
 1 SYSTEMPATH/View/View.php(201): CodeIgniter\Exceptions\FrameworkException::forInvalidFile()
 2 SYSTEMPATH/Pager/Pager.php(126): CodeIgniter\View\View->render()
 3 SYSTEMPATH/Pager/Pager.php(83): CodeIgniter\Pager\Pager->displayLinks()
 4 APPPATH/Views/user/v_user_berita.php(34): CodeIgniter\Pager\Pager->links()
 5 SYSTEMPATH/View/View.php(213): include('APPPATH/Views/user/v_user_berita.php')
 6 SYSTEMPATH/View/View.php(216): CodeIgniter\View\View->CodeIgniter\View\{closure}()
 7 SYSTEMPATH/Common.php(1142): CodeIgniter\View\View->render()
 8 APPPATH/Controllers/User/Berita.php(49): view()
 9 SYSTEMPATH/CodeIgniter.php(907): App\Controllers\User\Berita->index()
10 SYSTEMPATH/CodeIgniter.php(457): CodeIgniter\CodeIgniter->runController()
11 SYSTEMPATH/CodeIgniter.php(340): CodeIgniter\CodeIgniter->handleRequest()
12 FCPATH/index.php(67): CodeIgniter\CodeIgniter->run()
CRITICAL - 2023-09-19 04:43:47 --> Invalid file: Views\pager\pagination.php
in SYSTEMPATH/Exceptions/FrameworkException.php on line 33.
 1 SYSTEMPATH/View/View.php(201): CodeIgniter\Exceptions\FrameworkException::forInvalidFile()
 2 SYSTEMPATH/Pager/Pager.php(126): CodeIgniter\View\View->render()
 3 SYSTEMPATH/Pager/Pager.php(83): CodeIgniter\Pager\Pager->displayLinks()
 4 APPPATH/Views/user/v_user_berita.php(34): CodeIgniter\Pager\Pager->links()
 5 SYSTEMPATH/View/View.php(213): include('APPPATH/Views/user/v_user_berita.php')
 6 SYSTEMPATH/View/View.php(216): CodeIgniter\View\View->CodeIgniter\View\{closure}()
 7 SYSTEMPATH/Common.php(1142): CodeIgniter\View\View->render()
 8 APPPATH/Controllers/User/Berita.php(49): view()
 9 SYSTEMPATH/CodeIgniter.php(907): App\Controllers\User\Berita->index()
10 SYSTEMPATH/CodeIgniter.php(457): CodeIgniter\CodeIgniter->runController()
11 SYSTEMPATH/CodeIgniter.php(340): CodeIgniter\CodeIgniter->handleRequest()
12 FCPATH/index.php(67): CodeIgniter\CodeIgniter->run()
CRITICAL - 2023-09-19 04:44:05 --> syntax error, unexpected identifier "dd", expecting "function" or "const"
in APPPATH/Config/Pager.php on line 30.
 1 SYSTEMPATH/Autoloader/Autoloader.php(259): CodeIgniter\Autoloader\Autoloader->includeFile()
 2 SYSTEMPATH/Autoloader/Autoloader.php(237): CodeIgniter\Autoloader\Autoloader->loadInNamespace()
 3 [internal function]: CodeIgniter\Autoloader\Autoloader->loadClass()
 4 SYSTEMPATH/Config/Factories.php(152): class_exists()
 5 SYSTEMPATH/Config/Factories.php(122): CodeIgniter\Config\Factories::locateClass()
 6 SYSTEMPATH/Common.php(200): CodeIgniter\Config\Factories::__callStatic()
 7 SYSTEMPATH/Config/Services.php(439): config()
 8 SYSTEMPATH/Config/BaseService.php(253): CodeIgniter\Config\Services::pager()
 9 SYSTEMPATH/Config/BaseService.php(194): CodeIgniter\Config\BaseService::__callStatic()
10 SYSTEMPATH/Config/Services.php(436): CodeIgniter\Config\BaseService::getSharedInstance()
11 SYSTEMPATH/Config/BaseService.php(253): CodeIgniter\Config\Services::pager()
12 SYSTEMPATH/BaseModel.php(1077): CodeIgniter\Config\BaseService::__callStatic()
13 APPPATH/Models/PostsModel.php(127): CodeIgniter\BaseModel->paginate()
14 APPPATH/Controllers/User/Berita.php(36): App\Models\PostsModel->beritaBuatUser()
15 SYSTEMPATH/CodeIgniter.php(907): App\Controllers\User\Berita->index()
16 SYSTEMPATH/CodeIgniter.php(457): CodeIgniter\CodeIgniter->runController()
17 SYSTEMPATH/CodeIgniter.php(340): CodeIgniter\CodeIgniter->handleRequest()
18 FCPATH/index.php(67): CodeIgniter\CodeIgniter->run()
CRITICAL - 2023-09-19 04:44:33 --> Invalid file: CodeIgniter\pager\pagination.php
in SYSTEMPATH/Exceptions/FrameworkException.php on line 33.
 1 SYSTEMPATH/View/View.php(201): CodeIgniter\Exceptions\FrameworkException::forInvalidFile()
 2 SYSTEMPATH/Pager/Pager.php(126): CodeIgniter\View\View->render()
 3 SYSTEMPATH/Pager/Pager.php(83): CodeIgniter\Pager\Pager->displayLinks()
 4 APPPATH/Views/user/v_user_berita.php(34): CodeIgniter\Pager\Pager->links()
 5 SYSTEMPATH/View/View.php(213): include('APPPATH/Views/user/v_user_berita.php')
 6 SYSTEMPATH/View/View.php(216): CodeIgniter\View\View->CodeIgniter\View\{closure}()
 7 SYSTEMPATH/Common.php(1142): CodeIgniter\View\View->render()
 8 APPPATH/Controllers/User/Berita.php(49): view()
 9 SYSTEMPATH/CodeIgniter.php(907): App\Controllers\User\Berita->index()
10 SYSTEMPATH/CodeIgniter.php(457): CodeIgniter\CodeIgniter->runController()
11 SYSTEMPATH/CodeIgniter.php(340): CodeIgniter\CodeIgniter->handleRequest()
12 FCPATH/index.php(67): CodeIgniter\CodeIgniter->run()
CRITICAL - 2023-09-19 04:49:34 --> Invalid file: app\Views\pagers\pagination.php
in SYSTEMPATH/Exceptions/FrameworkException.php on line 33.
 1 SYSTEMPATH/View/View.php(201): CodeIgniter\Exceptions\FrameworkException::forInvalidFile()
 2 SYSTEMPATH/Pager/Pager.php(126): CodeIgniter\View\View->render()
 3 SYSTEMPATH/Pager/Pager.php(83): CodeIgniter\Pager\Pager->displayLinks()
 4 APPPATH/Views/user/v_user_berita.php(34): CodeIgniter\Pager\Pager->links()
 5 SYSTEMPATH/View/View.php(213): include('APPPATH/Views/user/v_user_berita.php')
 6 SYSTEMPATH/View/View.php(216): CodeIgniter\View\View->CodeIgniter\View\{closure}()
 7 SYSTEMPATH/Common.php(1142): CodeIgniter\View\View->render()
 8 APPPATH/Controllers/User/Berita.php(49): view()
 9 SYSTEMPATH/CodeIgniter.php(907): App\Controllers\User\Berita->index()
10 SYSTEMPATH/CodeIgniter.php(457): CodeIgniter\CodeIgniter->runController()
11 SYSTEMPATH/CodeIgniter.php(340): CodeIgniter\CodeIgniter->handleRequest()
12 FCPATH/index.php(67): CodeIgniter\CodeIgniter->run()
CRITICAL - 2023-09-19 04:49:54 --> Invalid file: app\Views\user\v_user_berita.php
in SYSTEMPATH/Exceptions/FrameworkException.php on line 33.
 1 SYSTEMPATH/View/View.php(201): CodeIgniter\Exceptions\FrameworkException::forInvalidFile()
 2 SYSTEMPATH/Pager/Pager.php(126): CodeIgniter\View\View->render()
 3 SYSTEMPATH/Pager/Pager.php(83): CodeIgniter\Pager\Pager->displayLinks()
 4 APPPATH/Views/user/v_user_berita.php(34): CodeIgniter\Pager\Pager->links()
 5 SYSTEMPATH/View/View.php(213): include('APPPATH/Views/user/v_user_berita.php')
 6 SYSTEMPATH/View/View.php(216): CodeIgniter\View\View->CodeIgniter\View\{closure}()
 7 SYSTEMPATH/Common.php(1142): CodeIgniter\View\View->render()
 8 APPPATH/Controllers/User/Berita.php(49): view()
 9 SYSTEMPATH/CodeIgniter.php(907): App\Controllers\User\Berita->index()
10 SYSTEMPATH/CodeIgniter.php(457): CodeIgniter\CodeIgniter->runController()
11 SYSTEMPATH/CodeIgniter.php(340): CodeIgniter\CodeIgniter->handleRequest()
12 FCPATH/index.php(67): CodeIgniter\CodeIgniter->run()
CRITICAL - 2023-09-19 04:49:55 --> Invalid file: app\Views\user\v_user_berita.php
in SYSTEMPATH/Exceptions/FrameworkException.php on line 33.
 1 SYSTEMPATH/View/View.php(201): CodeIgniter\Exceptions\FrameworkException::forInvalidFile()
 2 SYSTEMPATH/Pager/Pager.php(126): CodeIgniter\View\View->render()
 3 SYSTEMPATH/Pager/Pager.php(83): CodeIgniter\Pager\Pager->displayLinks()
 4 APPPATH/Views/user/v_user_berita.php(34): CodeIgniter\Pager\Pager->links()
 5 SYSTEMPATH/View/View.php(213): include('APPPATH/Views/user/v_user_berita.php')
 6 SYSTEMPATH/View/View.php(216): CodeIgniter\View\View->CodeIgniter\View\{closure}()
 7 SYSTEMPATH/Common.php(1142): CodeIgniter\View\View->render()
 8 APPPATH/Controllers/User/Berita.php(49): view()
 9 SYSTEMPATH/CodeIgniter.php(907): App\Controllers\User\Berita->index()
10 SYSTEMPATH/CodeIgniter.php(457): CodeIgniter\CodeIgniter->runController()
11 SYSTEMPATH/CodeIgniter.php(340): CodeIgniter\CodeIgniter->handleRequest()
12 FCPATH/index.php(67): CodeIgniter\CodeIgniter->run()
CRITICAL - 2023-09-19 04:50:12 --> Invalid file: App\Views\Pager\pagination.php
in SYSTEMPATH/Exceptions/FrameworkException.php on line 33.
 1 SYSTEMPATH/View/View.php(201): CodeIgniter\Exceptions\FrameworkException::forInvalidFile()
 2 SYSTEMPATH/Pager/Pager.php(126): CodeIgniter\View\View->render()
 3 SYSTEMPATH/Pager/Pager.php(83): CodeIgniter\Pager\Pager->displayLinks()
 4 APPPATH/Views/user/v_user_berita.php(34): CodeIgniter\Pager\Pager->links()
 5 SYSTEMPATH/View/View.php(213): include('APPPATH/Views/user/v_user_berita.php')
 6 SYSTEMPATH/View/View.php(216): CodeIgniter\View\View->CodeIgniter\View\{closure}()
 7 SYSTEMPATH/Common.php(1142): CodeIgniter\View\View->render()
 8 APPPATH/Controllers/User/Berita.php(49): view()
 9 SYSTEMPATH/CodeIgniter.php(907): App\Controllers\User\Berita->index()
10 SYSTEMPATH/CodeIgniter.php(457): CodeIgniter\CodeIgniter->runController()
11 SYSTEMPATH/CodeIgniter.php(340): CodeIgniter\CodeIgniter->handleRequest()
12 FCPATH/index.php(67): CodeIgniter\CodeIgniter->run()
CRITICAL - 2023-09-19 04:51:07 --> Invalid file: Pager\pagination.php
in SYSTEMPATH/Exceptions/FrameworkException.php on line 33.
 1 SYSTEMPATH/View/View.php(201): CodeIgniter\Exceptions\FrameworkException::forInvalidFile()
 2 SYSTEMPATH/Pager/Pager.php(126): CodeIgniter\View\View->render()
 3 SYSTEMPATH/Pager/Pager.php(83): CodeIgniter\Pager\Pager->displayLinks()
 4 APPPATH/Views/user/v_user_berita.php(34): CodeIgniter\Pager\Pager->links()
 5 SYSTEMPATH/View/View.php(213): include('APPPATH/Views/user/v_user_berita.php')
 6 SYSTEMPATH/View/View.php(216): CodeIgniter\View\View->CodeIgniter\View\{closure}()
 7 SYSTEMPATH/Common.php(1142): CodeIgniter\View\View->render()
 8 APPPATH/Controllers/User/Berita.php(49): view()
 9 SYSTEMPATH/CodeIgniter.php(907): App\Controllers\User\Berita->index()
10 SYSTEMPATH/CodeIgniter.php(457): CodeIgniter\CodeIgniter->runController()
11 SYSTEMPATH/CodeIgniter.php(340): CodeIgniter\CodeIgniter->handleRequest()
12 FCPATH/index.php(67): CodeIgniter\CodeIgniter->run()
CRITICAL - 2023-09-19 04:51:08 --> Invalid file: Pager\pagination.php
in SYSTEMPATH/Exceptions/FrameworkException.php on line 33.
 1 SYSTEMPATH/View/View.php(201): CodeIgniter\Exceptions\FrameworkException::forInvalidFile()
 2 SYSTEMPATH/Pager/Pager.php(126): CodeIgniter\View\View->render()
 3 SYSTEMPATH/Pager/Pager.php(83): CodeIgniter\Pager\Pager->displayLinks()
 4 APPPATH/Views/user/v_user_berita.php(34): CodeIgniter\Pager\Pager->links()
 5 SYSTEMPATH/View/View.php(213): include('APPPATH/Views/user/v_user_berita.php')
 6 SYSTEMPATH/View/View.php(216): CodeIgniter\View\View->CodeIgniter\View\{closure}()
 7 SYSTEMPATH/Common.php(1142): CodeIgniter\View\View->render()
 8 APPPATH/Controllers/User/Berita.php(49): view()
 9 SYSTEMPATH/CodeIgniter.php(907): App\Controllers\User\Berita->index()
10 SYSTEMPATH/CodeIgniter.php(457): CodeIgniter\CodeIgniter->runController()
11 SYSTEMPATH/CodeIgniter.php(340): CodeIgniter\CodeIgniter->handleRequest()
12 FCPATH/index.php(67): CodeIgniter\CodeIgniter->run()
CRITICAL - 2023-09-19 04:51:52 --> Invalid file: Pager\pagination.php
in SYSTEMPATH/Exceptions/FrameworkException.php on line 33.
 1 SYSTEMPATH/View/View.php(201): CodeIgniter\Exceptions\FrameworkException::forInvalidFile()
 2 SYSTEMPATH/Pager/Pager.php(126): CodeIgniter\View\View->render()
 3 SYSTEMPATH/Pager/Pager.php(83): CodeIgniter\Pager\Pager->displayLinks()
 4 APPPATH/Views/user/v_user_berita.php(34): CodeIgniter\Pager\Pager->links()
 5 SYSTEMPATH/View/View.php(213): include('APPPATH/Views/user/v_user_berita.php')
 6 SYSTEMPATH/View/View.php(216): CodeIgniter\View\View->CodeIgniter\View\{closure}()
 7 SYSTEMPATH/Common.php(1142): CodeIgniter\View\View->render()
 8 APPPATH/Controllers/User/Berita.php(49): view()
 9 SYSTEMPATH/CodeIgniter.php(907): App\Controllers\User\Berita->index()
10 SYSTEMPATH/CodeIgniter.php(457): CodeIgniter\CodeIgniter->runController()
11 SYSTEMPATH/CodeIgniter.php(340): CodeIgniter\CodeIgniter->handleRequest()
12 FCPATH/index.php(67): CodeIgniter\CodeIgniter->run()
CRITICAL - 2023-09-19 04:52:10 --> Invalid file: App\Views\Pager\paginationbutton.php
in SYSTEMPATH/Exceptions/FrameworkException.php on line 33.
 1 SYSTEMPATH/View/View.php(201): CodeIgniter\Exceptions\FrameworkException::forInvalidFile()
 2 SYSTEMPATH/Pager/Pager.php(126): CodeIgniter\View\View->render()
 3 SYSTEMPATH/Pager/Pager.php(83): CodeIgniter\Pager\Pager->displayLinks()
 4 APPPATH/Views/user/v_user_berita.php(34): CodeIgniter\Pager\Pager->links()
 5 SYSTEMPATH/View/View.php(213): include('APPPATH/Views/user/v_user_berita.php')
 6 SYSTEMPATH/View/View.php(216): CodeIgniter\View\View->CodeIgniter\View\{closure}()
 7 SYSTEMPATH/Common.php(1142): CodeIgniter\View\View->render()
 8 APPPATH/Controllers/User/Berita.php(49): view()
 9 SYSTEMPATH/CodeIgniter.php(907): App\Controllers\User\Berita->index()
10 SYSTEMPATH/CodeIgniter.php(457): CodeIgniter\CodeIgniter->runController()
11 SYSTEMPATH/CodeIgniter.php(340): CodeIgniter\CodeIgniter->handleRequest()
12 FCPATH/index.php(67): CodeIgniter\CodeIgniter->run()
CRITICAL - 2023-09-19 04:53:01 --> Invalid file: App\Views\Pager\paginationbutton.php
in SYSTEMPATH/Exceptions/FrameworkException.php on line 33.
 1 SYSTEMPATH/View/View.php(201): CodeIgniter\Exceptions\FrameworkException::forInvalidFile()
 2 SYSTEMPATH/Pager/Pager.php(126): CodeIgniter\View\View->render()
 3 SYSTEMPATH/Pager/Pager.php(83): CodeIgniter\Pager\Pager->displayLinks()
 4 APPPATH/Views/user/v_user_berita.php(34): CodeIgniter\Pager\Pager->links()
 5 SYSTEMPATH/View/View.php(213): include('APPPATH/Views/user/v_user_berita.php')
 6 SYSTEMPATH/View/View.php(216): CodeIgniter\View\View->CodeIgniter\View\{closure}()
 7 SYSTEMPATH/Common.php(1142): CodeIgniter\View\View->render()
 8 APPPATH/Controllers/User/Berita.php(49): view()
 9 SYSTEMPATH/CodeIgniter.php(907): App\Controllers\User\Berita->index()
10 SYSTEMPATH/CodeIgniter.php(457): CodeIgniter\CodeIgniter->runController()
11 SYSTEMPATH/CodeIgniter.php(340): CodeIgniter\CodeIgniter->handleRequest()
12 FCPATH/index.php(67): CodeIgniter\CodeIgniter->run()
CRITICAL - 2023-09-19 04:53:20 --> Invalid file: App\Views\Pager\paginationbutton.php
in SYSTEMPATH/Exceptions/FrameworkException.php on line 33.
 1 SYSTEMPATH/View/View.php(201): CodeIgniter\Exceptions\FrameworkException::forInvalidFile()
 2 SYSTEMPATH/Pager/Pager.php(126): CodeIgniter\View\View->render()
 3 SYSTEMPATH/Pager/Pager.php(83): CodeIgniter\Pager\Pager->displayLinks()
 4 APPPATH/Views/user/v_user_berita.php(34): CodeIgniter\Pager\Pager->links()
 5 SYSTEMPATH/View/View.php(213): include('APPPATH/Views/user/v_user_berita.php')
 6 SYSTEMPATH/View/View.php(216): CodeIgniter\View\View->CodeIgniter\View\{closure}()
 7 SYSTEMPATH/Common.php(1142): CodeIgniter\View\View->render()
 8 APPPATH/Controllers/User/Berita.php(49): view()
 9 SYSTEMPATH/CodeIgniter.php(907): App\Controllers\User\Berita->index()
10 SYSTEMPATH/CodeIgniter.php(457): CodeIgniter\CodeIgniter->runController()
11 SYSTEMPATH/CodeIgniter.php(340): CodeIgniter\CodeIgniter->handleRequest()
12 FCPATH/index.php(67): CodeIgniter\CodeIgniter->run()
CRITICAL - 2023-09-19 04:53:22 --> Invalid file: App\Views\Pager\paginationbutton.php
in SYSTEMPATH/Exceptions/FrameworkException.php on line 33.
 1 SYSTEMPATH/View/View.php(201): CodeIgniter\Exceptions\FrameworkException::forInvalidFile()
 2 SYSTEMPATH/Pager/Pager.php(126): CodeIgniter\View\View->render()
 3 SYSTEMPATH/Pager/Pager.php(83): CodeIgniter\Pager\Pager->displayLinks()
 4 APPPATH/Views/user/v_user_berita.php(34): CodeIgniter\Pager\Pager->links()
 5 SYSTEMPATH/View/View.php(213): include('APPPATH/Views/user/v_user_berita.php')
 6 SYSTEMPATH/View/View.php(216): CodeIgniter\View\View->CodeIgniter\View\{closure}()
 7 SYSTEMPATH/Common.php(1142): CodeIgniter\View\View->render()
 8 APPPATH/Controllers/User/Berita.php(49): view()
 9 SYSTEMPATH/CodeIgniter.php(907): App\Controllers\User\Berita->index()
10 SYSTEMPATH/CodeIgniter.php(457): CodeIgniter\CodeIgniter->runController()
11 SYSTEMPATH/CodeIgniter.php(340): CodeIgniter\CodeIgniter->handleRequest()
12 FCPATH/index.php(67): CodeIgniter\CodeIgniter->run()
CRITICAL - 2023-09-19 04:53:53 --> Invalid file: App\Views\Pager\paginationbutton.php
in SYSTEMPATH/Exceptions/FrameworkException.php on line 33.
 1 SYSTEMPATH/View/View.php(201): CodeIgniter\Exceptions\FrameworkException::forInvalidFile()
 2 SYSTEMPATH/Pager/Pager.php(126): CodeIgniter\View\View->render()
 3 SYSTEMPATH/Pager/Pager.php(83): CodeIgniter\Pager\Pager->displayLinks()
 4 APPPATH/Views/user/v_user_berita.php(34): CodeIgniter\Pager\Pager->links()
 5 SYSTEMPATH/View/View.php(213): include('APPPATH/Views/user/v_user_berita.php')
 6 SYSTEMPATH/View/View.php(216): CodeIgniter\View\View->CodeIgniter\View\{closure}()
 7 SYSTEMPATH/Common.php(1142): CodeIgniter\View\View->render()
 8 APPPATH/Controllers/User/Berita.php(49): view()
 9 SYSTEMPATH/CodeIgniter.php(907): App\Controllers\User\Berita->index()
10 SYSTEMPATH/CodeIgniter.php(457): CodeIgniter\CodeIgniter->runController()
11 SYSTEMPATH/CodeIgniter.php(340): CodeIgniter\CodeIgniter->handleRequest()
12 FCPATH/index.php(67): CodeIgniter\CodeIgniter->run()
CRITICAL - 2023-09-19 04:53:55 --> Invalid file: App\Views\Pager\paginationbutton.php
in SYSTEMPATH/Exceptions/FrameworkException.php on line 33.
 1 SYSTEMPATH/View/View.php(201): CodeIgniter\Exceptions\FrameworkException::forInvalidFile()
 2 SYSTEMPATH/Pager/Pager.php(126): CodeIgniter\View\View->render()
 3 SYSTEMPATH/Pager/Pager.php(83): CodeIgniter\Pager\Pager->displayLinks()
 4 APPPATH/Views/user/v_user_berita.php(34): CodeIgniter\Pager\Pager->links()
 5 SYSTEMPATH/View/View.php(213): include('APPPATH/Views/user/v_user_berita.php')
 6 SYSTEMPATH/View/View.php(216): CodeIgniter\View\View->CodeIgniter\View\{closure}()
 7 SYSTEMPATH/Common.php(1142): CodeIgniter\View\View->render()
 8 APPPATH/Controllers/User/Berita.php(49): view()
 9 SYSTEMPATH/CodeIgniter.php(907): App\Controllers\User\Berita->index()
10 SYSTEMPATH/CodeIgniter.php(457): CodeIgniter\CodeIgniter->runController()
11 SYSTEMPATH/CodeIgniter.php(340): CodeIgniter\CodeIgniter->handleRequest()
12 FCPATH/index.php(67): CodeIgniter\CodeIgniter->run()
CRITICAL - 2023-09-19 04:54:25 --> paginationbuttonn is not a valid Pager template.
in SYSTEMPATH/Pager/Pager.php on line 120.
 1 SYSTEMPATH/Pager/Pager.php(120): CodeIgniter\Pager\Exceptions\PagerException::forInvalidTemplate()
 2 SYSTEMPATH/Pager/Pager.php(83): CodeIgniter\Pager\Pager->displayLinks()
 3 APPPATH/Views/user/v_user_berita.php(34): CodeIgniter\Pager\Pager->links()
 4 SYSTEMPATH/View/View.php(213): include('APPPATH/Views/user/v_user_berita.php')
 5 SYSTEMPATH/View/View.php(216): CodeIgniter\View\View->CodeIgniter\View\{closure}()
 6 SYSTEMPATH/Common.php(1142): CodeIgniter\View\View->render()
 7 APPPATH/Controllers/User/Berita.php(49): view()
 8 SYSTEMPATH/CodeIgniter.php(907): App\Controllers\User\Berita->index()
 9 SYSTEMPATH/CodeIgniter.php(457): CodeIgniter\CodeIgniter->runController()
10 SYSTEMPATH/CodeIgniter.php(340): CodeIgniter\CodeIgniter->handleRequest()
11 FCPATH/index.php(67): CodeIgniter\CodeIgniter->run()
CRITICAL - 2023-09-19 04:56:37 --> Invalid file: App\Views\Pager\paginationbutton.php
in SYSTEMPATH/Exceptions/FrameworkException.php on line 33.
 1 SYSTEMPATH/View/View.php(201): CodeIgniter\Exceptions\FrameworkException::forInvalidFile()
 2 SYSTEMPATH/Pager/Pager.php(126): CodeIgniter\View\View->render()
 3 SYSTEMPATH/Pager/Pager.php(83): CodeIgniter\Pager\Pager->displayLinks()
 4 APPPATH/Views/user/v_user_berita.php(34): CodeIgniter\Pager\Pager->links()
 5 SYSTEMPATH/View/View.php(213): include('APPPATH/Views/user/v_user_berita.php')
 6 SYSTEMPATH/View/View.php(216): CodeIgniter\View\View->CodeIgniter\View\{closure}()
 7 SYSTEMPATH/Common.php(1142): CodeIgniter\View\View->render()
 8 APPPATH/Controllers/User/Berita.php(49): view()
 9 SYSTEMPATH/CodeIgniter.php(907): App\Controllers\User\Berita->index()
10 SYSTEMPATH/CodeIgniter.php(457): CodeIgniter\CodeIgniter->runController()
11 SYSTEMPATH/CodeIgniter.php(340): CodeIgniter\CodeIgniter->handleRequest()
12 FCPATH/index.php(67): CodeIgniter\CodeIgniter->run()
CRITICAL - 2023-09-19 05:00:20 --> Invalid file: app\Views\pager\paginationbutton.php
in SYSTEMPATH/Exceptions/FrameworkException.php on line 33.
 1 SYSTEMPATH/View/View.php(201): CodeIgniter\Exceptions\FrameworkException::forInvalidFile()
 2 SYSTEMPATH/Pager/Pager.php(126): CodeIgniter\View\View->render()
 3 SYSTEMPATH/Pager/Pager.php(83): CodeIgniter\Pager\Pager->displayLinks()
 4 APPPATH/Views/user/v_user_berita.php(34): CodeIgniter\Pager\Pager->links()
 5 SYSTEMPATH/View/View.php(213): include('APPPATH/Views/user/v_user_berita.php')
 6 SYSTEMPATH/View/View.php(216): CodeIgniter\View\View->CodeIgniter\View\{closure}()
 7 SYSTEMPATH/Common.php(1142): CodeIgniter\View\View->render()
 8 APPPATH/Controllers/User/Berita.php(49): view()
 9 SYSTEMPATH/CodeIgniter.php(907): App\Controllers\User\Berita->index()
10 SYSTEMPATH/CodeIgniter.php(457): CodeIgniter\CodeIgniter->runController()
11 SYSTEMPATH/CodeIgniter.php(340): CodeIgniter\CodeIgniter->handleRequest()
12 FCPATH/index.php(67): CodeIgniter\CodeIgniter->run()
CRITICAL - 2023-09-19 05:00:38 --> Invalid file: app\Views\pager\paginationbutton.php
in SYSTEMPATH/Exceptions/FrameworkException.php on line 33.
 1 SYSTEMPATH/View/View.php(201): CodeIgniter\Exceptions\FrameworkException::forInvalidFile()
 2 SYSTEMPATH/Pager/Pager.php(126): CodeIgniter\View\View->render()
 3 SYSTEMPATH/Pager/Pager.php(83): CodeIgniter\Pager\Pager->displayLinks()
 4 APPPATH/Views/user/v_user_berita.php(34): CodeIgniter\Pager\Pager->links()
 5 SYSTEMPATH/View/View.php(213): include('APPPATH/Views/user/v_user_berita.php')
 6 SYSTEMPATH/View/View.php(216): CodeIgniter\View\View->CodeIgniter\View\{closure}()
 7 SYSTEMPATH/Common.php(1142): CodeIgniter\View\View->render()
 8 APPPATH/Controllers/User/Berita.php(49): view()
 9 SYSTEMPATH/CodeIgniter.php(907): App\Controllers\User\Berita->index()
10 SYSTEMPATH/CodeIgniter.php(457): CodeIgniter\CodeIgniter->runController()
11 SYSTEMPATH/CodeIgniter.php(340): CodeIgniter\CodeIgniter->handleRequest()
12 FCPATH/index.php(67): CodeIgniter\CodeIgniter->run()
CRITICAL - 2023-09-19 05:01:04 --> Invalid file: app\Views\pager\pagination.php
in SYSTEMPATH/Exceptions/FrameworkException.php on line 33.
 1 SYSTEMPATH/View/View.php(201): CodeIgniter\Exceptions\FrameworkException::forInvalidFile()
 2 SYSTEMPATH/Pager/Pager.php(126): CodeIgniter\View\View->render()
 3 SYSTEMPATH/Pager/Pager.php(83): CodeIgniter\Pager\Pager->displayLinks()
 4 APPPATH/Views/user/v_user_berita.php(34): CodeIgniter\Pager\Pager->links()
 5 SYSTEMPATH/View/View.php(213): include('APPPATH/Views/user/v_user_berita.php')
 6 SYSTEMPATH/View/View.php(216): CodeIgniter\View\View->CodeIgniter\View\{closure}()
 7 SYSTEMPATH/Common.php(1142): CodeIgniter\View\View->render()
 8 APPPATH/Controllers/User/Berita.php(49): view()
 9 SYSTEMPATH/CodeIgniter.php(907): App\Controllers\User\Berita->index()
10 SYSTEMPATH/CodeIgniter.php(457): CodeIgniter\CodeIgniter->runController()
11 SYSTEMPATH/CodeIgniter.php(340): CodeIgniter\CodeIgniter->handleRequest()
12 FCPATH/index.php(67): CodeIgniter\CodeIgniter->run()
CRITICAL - 2023-09-19 05:01:18 --> Invalid file: App\Views\Pager\pagination.php
in SYSTEMPATH/Exceptions/FrameworkException.php on line 33.
 1 SYSTEMPATH/View/View.php(201): CodeIgniter\Exceptions\FrameworkException::forInvalidFile()
 2 SYSTEMPATH/Pager/Pager.php(126): CodeIgniter\View\View->render()
 3 SYSTEMPATH/Pager/Pager.php(83): CodeIgniter\Pager\Pager->displayLinks()
 4 APPPATH/Views/user/v_user_berita.php(34): CodeIgniter\Pager\Pager->links()
 5 SYSTEMPATH/View/View.php(213): include('APPPATH/Views/user/v_user_berita.php')
 6 SYSTEMPATH/View/View.php(216): CodeIgniter\View\View->CodeIgniter\View\{closure}()
 7 SYSTEMPATH/Common.php(1142): CodeIgniter\View\View->render()
 8 APPPATH/Controllers/User/Berita.php(49): view()
 9 SYSTEMPATH/CodeIgniter.php(907): App\Controllers\User\Berita->index()
10 SYSTEMPATH/CodeIgniter.php(457): CodeIgniter\CodeIgniter->runController()
11 SYSTEMPATH/CodeIgniter.php(340): CodeIgniter\CodeIgniter->handleRequest()
12 FCPATH/index.php(67): CodeIgniter\CodeIgniter->run()
CRITICAL - 2023-09-19 05:01:19 --> Invalid file: App\Views\Pager\pagination.php
in SYSTEMPATH/Exceptions/FrameworkException.php on line 33.
 1 SYSTEMPATH/View/View.php(201): CodeIgniter\Exceptions\FrameworkException::forInvalidFile()
 2 SYSTEMPATH/Pager/Pager.php(126): CodeIgniter\View\View->render()
 3 SYSTEMPATH/Pager/Pager.php(83): CodeIgniter\Pager\Pager->displayLinks()
 4 APPPATH/Views/user/v_user_berita.php(34): CodeIgniter\Pager\Pager->links()
 5 SYSTEMPATH/View/View.php(213): include('APPPATH/Views/user/v_user_berita.php')
 6 SYSTEMPATH/View/View.php(216): CodeIgniter\View\View->CodeIgniter\View\{closure}()
 7 SYSTEMPATH/Common.php(1142): CodeIgniter\View\View->render()
 8 APPPATH/Controllers/User/Berita.php(49): view()
 9 SYSTEMPATH/CodeIgniter.php(907): App\Controllers\User\Berita->index()
10 SYSTEMPATH/CodeIgniter.php(457): CodeIgniter\CodeIgniter->runController()
11 SYSTEMPATH/CodeIgniter.php(340): CodeIgniter\CodeIgniter->handleRequest()
12 FCPATH/index.php(67): CodeIgniter\CodeIgniter->run()
CRITICAL - 2023-09-19 05:02:51 --> Invalid file: App\Views\Pager\paginationbutton.php
in SYSTEMPATH/Exceptions/FrameworkException.php on line 33.
 1 SYSTEMPATH/View/View.php(201): CodeIgniter\Exceptions\FrameworkException::forInvalidFile()
 2 SYSTEMPATH/Pager/Pager.php(126): CodeIgniter\View\View->render()
 3 SYSTEMPATH/Pager/Pager.php(83): CodeIgniter\Pager\Pager->displayLinks()
 4 APPPATH/Views/user/v_user_berita.php(34): CodeIgniter\Pager\Pager->links()
 5 SYSTEMPATH/View/View.php(213): include('APPPATH/Views/user/v_user_berita.php')
 6 SYSTEMPATH/View/View.php(216): CodeIgniter\View\View->CodeIgniter\View\{closure}()
 7 SYSTEMPATH/Common.php(1142): CodeIgniter\View\View->render()
 8 APPPATH/Controllers/User/Berita.php(49): view()
 9 SYSTEMPATH/CodeIgniter.php(907): App\Controllers\User\Berita->index()
10 SYSTEMPATH/CodeIgniter.php(457): CodeIgniter\CodeIgniter->runController()
11 SYSTEMPATH/CodeIgniter.php(340): CodeIgniter\CodeIgniter->handleRequest()
12 FCPATH/index.php(67): CodeIgniter\CodeIgniter->run()
CRITICAL - 2023-09-19 05:04:00 --> Invalid file: App\Views\Pager\paginationbutton.php
in SYSTEMPATH/Exceptions/FrameworkException.php on line 33.
 1 SYSTEMPATH/View/View.php(201): CodeIgniter\Exceptions\FrameworkException::forInvalidFile()
 2 SYSTEMPATH/Pager/Pager.php(126): CodeIgniter\View\View->render()
 3 SYSTEMPATH/Pager/Pager.php(83): CodeIgniter\Pager\Pager->displayLinks()
 4 APPPATH/Views/user/v_user_berita.php(34): CodeIgniter\Pager\Pager->links()
 5 SYSTEMPATH/View/View.php(213): include('APPPATH/Views/user/v_user_berita.php')
 6 SYSTEMPATH/View/View.php(216): CodeIgniter\View\View->CodeIgniter\View\{closure}()
 7 SYSTEMPATH/Common.php(1142): CodeIgniter\View\View->render()
 8 APPPATH/Controllers/User/Berita.php(49): view()
 9 SYSTEMPATH/CodeIgniter.php(907): App\Controllers\User\Berita->index()
10 SYSTEMPATH/CodeIgniter.php(457): CodeIgniter\CodeIgniter->runController()
11 SYSTEMPATH/CodeIgniter.php(340): CodeIgniter\CodeIgniter->handleRequest()
12 FCPATH/index.php(67): CodeIgniter\CodeIgniter->run()
CRITICAL - 2023-09-19 05:04:25 --> Invalid file: app\Views\pager\paginationbutton.php
in SYSTEMPATH/Exceptions/FrameworkException.php on line 33.
 1 SYSTEMPATH/View/View.php(201): CodeIgniter\Exceptions\FrameworkException::forInvalidFile()
 2 SYSTEMPATH/Pager/Pager.php(126): CodeIgniter\View\View->render()
 3 SYSTEMPATH/Pager/Pager.php(83): CodeIgniter\Pager\Pager->displayLinks()
 4 APPPATH/Views/user/v_user_berita.php(34): CodeIgniter\Pager\Pager->links()
 5 SYSTEMPATH/View/View.php(213): include('APPPATH/Views/user/v_user_berita.php')
 6 SYSTEMPATH/View/View.php(216): CodeIgniter\View\View->CodeIgniter\View\{closure}()
 7 SYSTEMPATH/Common.php(1142): CodeIgniter\View\View->render()
 8 APPPATH/Controllers/User/Berita.php(49): view()
 9 SYSTEMPATH/CodeIgniter.php(907): App\Controllers\User\Berita->index()
10 SYSTEMPATH/CodeIgniter.php(457): CodeIgniter\CodeIgniter->runController()
11 SYSTEMPATH/CodeIgniter.php(340): CodeIgniter\CodeIgniter->handleRequest()
12 FCPATH/index.php(67): CodeIgniter\CodeIgniter->run()
CRITICAL - 2023-09-19 05:07:36 --> Invalid file: app\Views\pager\paginationbutton.php
in SYSTEMPATH/Exceptions/FrameworkException.php on line 33.
 1 SYSTEMPATH/View/View.php(201): CodeIgniter\Exceptions\FrameworkException::forInvalidFile()
 2 SYSTEMPATH/Pager/Pager.php(126): CodeIgniter\View\View->render()
 3 SYSTEMPATH/Pager/Pager.php(83): CodeIgniter\Pager\Pager->displayLinks()
 4 APPPATH/Views/user/v_user_berita.php(34): CodeIgniter\Pager\Pager->links()
 5 SYSTEMPATH/View/View.php(213): include('APPPATH/Views/user/v_user_berita.php')
 6 SYSTEMPATH/View/View.php(216): CodeIgniter\View\View->CodeIgniter\View\{closure}()
 7 SYSTEMPATH/Common.php(1142): CodeIgniter\View\View->render()
 8 APPPATH/Controllers/User/Berita.php(49): view()
 9 SYSTEMPATH/CodeIgniter.php(907): App\Controllers\User\Berita->index()
10 SYSTEMPATH/CodeIgniter.php(457): CodeIgniter\CodeIgniter->runController()
11 SYSTEMPATH/CodeIgniter.php(340): CodeIgniter\CodeIgniter->handleRequest()
12 FCPATH/index.php(67): CodeIgniter\CodeIgniter->run()
CRITICAL - 2023-09-19 05:07:43 --> Invalid file: app\Views\pager\paginationbutton.phpp
in SYSTEMPATH/Exceptions/FrameworkException.php on line 33.
 1 SYSTEMPATH/View/View.php(201): CodeIgniter\Exceptions\FrameworkException::forInvalidFile()
 2 SYSTEMPATH/Pager/Pager.php(126): CodeIgniter\View\View->render()
 3 SYSTEMPATH/Pager/Pager.php(83): CodeIgniter\Pager\Pager->displayLinks()
 4 APPPATH/Views/user/v_user_berita.php(34): CodeIgniter\Pager\Pager->links()
 5 SYSTEMPATH/View/View.php(213): include('APPPATH/Views/user/v_user_berita.php')
 6 SYSTEMPATH/View/View.php(216): CodeIgniter\View\View->CodeIgniter\View\{closure}()
 7 SYSTEMPATH/Common.php(1142): CodeIgniter\View\View->render()
 8 APPPATH/Controllers/User/Berita.php(49): view()
 9 SYSTEMPATH/CodeIgniter.php(907): App\Controllers\User\Berita->index()
10 SYSTEMPATH/CodeIgniter.php(457): CodeIgniter\CodeIgniter->runController()
11 SYSTEMPATH/CodeIgniter.php(340): CodeIgniter\CodeIgniter->handleRequest()
12 FCPATH/index.php(67): CodeIgniter\CodeIgniter->run()
CRITICAL - 2023-09-19 05:07:49 --> Invalid file: app\Views\pager\paginationbutton.php
in SYSTEMPATH/Exceptions/FrameworkException.php on line 33.
 1 SYSTEMPATH/View/View.php(201): CodeIgniter\Exceptions\FrameworkException::forInvalidFile()
 2 SYSTEMPATH/Pager/Pager.php(126): CodeIgniter\View\View->render()
 3 SYSTEMPATH/Pager/Pager.php(83): CodeIgniter\Pager\Pager->displayLinks()
 4 APPPATH/Views/user/v_user_berita.php(34): CodeIgniter\Pager\Pager->links()
 5 SYSTEMPATH/View/View.php(213): include('APPPATH/Views/user/v_user_berita.php')
 6 SYSTEMPATH/View/View.php(216): CodeIgniter\View\View->CodeIgniter\View\{closure}()
 7 SYSTEMPATH/Common.php(1142): CodeIgniter\View\View->render()
 8 APPPATH/Controllers/User/Berita.php(49): view()
 9 SYSTEMPATH/CodeIgniter.php(907): App\Controllers\User\Berita->index()
10 SYSTEMPATH/CodeIgniter.php(457): CodeIgniter\CodeIgniter->runController()
11 SYSTEMPATH/CodeIgniter.php(340): CodeIgniter\CodeIgniter->handleRequest()
12 FCPATH/index.php(67): CodeIgniter\CodeIgniter->run()
CRITICAL - 2023-09-19 05:10:22 --> Invalid file: app\Views\pager\paginationbutton.php
in SYSTEMPATH/Exceptions/FrameworkException.php on line 33.
 1 SYSTEMPATH/View/View.php(201): CodeIgniter\Exceptions\FrameworkException::forInvalidFile()
 2 SYSTEMPATH/Pager/Pager.php(126): CodeIgniter\View\View->render()
 3 SYSTEMPATH/Pager/Pager.php(83): CodeIgniter\Pager\Pager->displayLinks()
 4 APPPATH/Views/user/v_user_berita.php(34): CodeIgniter\Pager\Pager->links()
 5 SYSTEMPATH/View/View.php(213): include('APPPATH/Views/user/v_user_berita.php')
 6 SYSTEMPATH/View/View.php(216): CodeIgniter\View\View->CodeIgniter\View\{closure}()
 7 SYSTEMPATH/Common.php(1142): CodeIgniter\View\View->render()
 8 APPPATH/Controllers/User/Berita.php(49): view()
 9 SYSTEMPATH/CodeIgniter.php(907): App\Controllers\User\Berita->index()
10 SYSTEMPATH/CodeIgniter.php(457): CodeIgniter\CodeIgniter->runController()
11 SYSTEMPATH/CodeIgniter.php(340): CodeIgniter\CodeIgniter->handleRequest()
12 FCPATH/index.php(67): CodeIgniter\CodeIgniter->run()
CRITICAL - 2023-09-19 05:11:09 --> Invalid file: app\Views\pager\paginationbutton.php
in SYSTEMPATH/Exceptions/FrameworkException.php on line 33.
 1 SYSTEMPATH/View/View.php(201): CodeIgniter\Exceptions\FrameworkException::forInvalidFile()
 2 SYSTEMPATH/Pager/Pager.php(126): CodeIgniter\View\View->render()
 3 SYSTEMPATH/Pager/Pager.php(83): CodeIgniter\Pager\Pager->displayLinks()
 4 APPPATH/Views/user/v_user_berita.php(34): CodeIgniter\Pager\Pager->links()
 5 SYSTEMPATH/View/View.php(213): include('APPPATH/Views/user/v_user_berita.php')
 6 SYSTEMPATH/View/View.php(216): CodeIgniter\View\View->CodeIgniter\View\{closure}()
 7 SYSTEMPATH/Common.php(1142): CodeIgniter\View\View->render()
 8 APPPATH/Controllers/User/Berita.php(49): view()
 9 SYSTEMPATH/CodeIgniter.php(907): App\Controllers\User\Berita->index()
10 SYSTEMPATH/CodeIgniter.php(457): CodeIgniter\CodeIgniter->runController()
11 SYSTEMPATH/CodeIgniter.php(340): CodeIgniter\CodeIgniter->handleRequest()
12 FCPATH/index.php(67): CodeIgniter\CodeIgniter->run()
CRITICAL - 2023-09-19 05:17:00 --> Invalid file: app\Views\pager\paginationbutton.php
in SYSTEMPATH/Exceptions/FrameworkException.php on line 33.
 1 SYSTEMPATH/View/View.php(201): CodeIgniter\Exceptions\FrameworkException::forInvalidFile()
 2 SYSTEMPATH/Pager/Pager.php(126): CodeIgniter\View\View->render()
 3 SYSTEMPATH/Pager/Pager.php(83): CodeIgniter\Pager\Pager->displayLinks()
 4 APPPATH/Views/user/v_user_berita.php(34): CodeIgniter\Pager\Pager->links()
 5 SYSTEMPATH/View/View.php(213): include('APPPATH/Views/user/v_user_berita.php')
 6 SYSTEMPATH/View/View.php(216): CodeIgniter\View\View->CodeIgniter\View\{closure}()
 7 SYSTEMPATH/Common.php(1142): CodeIgniter\View\View->render()
 8 APPPATH/Controllers/User/Berita.php(49): view()
 9 SYSTEMPATH/CodeIgniter.php(907): App\Controllers\User\Berita->index()
10 SYSTEMPATH/CodeIgniter.php(457): CodeIgniter\CodeIgniter->runController()
11 SYSTEMPATH/CodeIgniter.php(340): CodeIgniter\CodeIgniter->handleRequest()
12 FCPATH/index.php(67): CodeIgniter\CodeIgniter->run()
CRITICAL - 2023-09-19 05:17:32 --> Invalid file: app\Views\pagers\paginationbutton.php
in SYSTEMPATH/Exceptions/FrameworkException.php on line 33.
 1 SYSTEMPATH/View/View.php(201): CodeIgniter\Exceptions\FrameworkException::forInvalidFile()
 2 SYSTEMPATH/Pager/Pager.php(126): CodeIgniter\View\View->render()
 3 SYSTEMPATH/Pager/Pager.php(83): CodeIgniter\Pager\Pager->displayLinks()
 4 APPPATH/Views/user/v_user_berita.php(34): CodeIgniter\Pager\Pager->links()
 5 SYSTEMPATH/View/View.php(213): include('APPPATH/Views/user/v_user_berita.php')
 6 SYSTEMPATH/View/View.php(216): CodeIgniter\View\View->CodeIgniter\View\{closure}()
 7 SYSTEMPATH/Common.php(1142): CodeIgniter\View\View->render()
 8 APPPATH/Controllers/User/Berita.php(49): view()
 9 SYSTEMPATH/CodeIgniter.php(907): App\Controllers\User\Berita->index()
10 SYSTEMPATH/CodeIgniter.php(457): CodeIgniter\CodeIgniter->runController()
11 SYSTEMPATH/CodeIgniter.php(340): CodeIgniter\CodeIgniter->handleRequest()
12 FCPATH/index.php(67): CodeIgniter\CodeIgniter->run()
CRITICAL - 2023-09-19 05:17:42 --> Invalid file: app\views\pager\paginationbutton.php
in SYSTEMPATH/Exceptions/FrameworkException.php on line 33.
 1 SYSTEMPATH/View/View.php(201): CodeIgniter\Exceptions\FrameworkException::forInvalidFile()
 2 SYSTEMPATH/Pager/Pager.php(126): CodeIgniter\View\View->render()
 3 SYSTEMPATH/Pager/Pager.php(83): CodeIgniter\Pager\Pager->displayLinks()
 4 APPPATH/Views/user/v_user_berita.php(34): CodeIgniter\Pager\Pager->links()
 5 SYSTEMPATH/View/View.php(213): include('APPPATH/Views/user/v_user_berita.php')
 6 SYSTEMPATH/View/View.php(216): CodeIgniter\View\View->CodeIgniter\View\{closure}()
 7 SYSTEMPATH/Common.php(1142): CodeIgniter\View\View->render()
 8 APPPATH/Controllers/User/Berita.php(49): view()
 9 SYSTEMPATH/CodeIgniter.php(907): App\Controllers\User\Berita->index()
10 SYSTEMPATH/CodeIgniter.php(457): CodeIgniter\CodeIgniter->runController()
11 SYSTEMPATH/CodeIgniter.php(340): CodeIgniter\CodeIgniter->handleRequest()
12 FCPATH/index.php(67): CodeIgniter\CodeIgniter->run()
CRITICAL - 2023-09-19 05:17:49 --> Invalid file: \app\views\pager\paginationbutton.php
in SYSTEMPATH/Exceptions/FrameworkException.php on line 33.
 1 SYSTEMPATH/View/View.php(201): CodeIgniter\Exceptions\FrameworkException::forInvalidFile()
 2 SYSTEMPATH/Pager/Pager.php(126): CodeIgniter\View\View->render()
 3 SYSTEMPATH/Pager/Pager.php(83): CodeIgniter\Pager\Pager->displayLinks()
 4 APPPATH/Views/user/v_user_berita.php(34): CodeIgniter\Pager\Pager->links()
 5 SYSTEMPATH/View/View.php(213): include('APPPATH/Views/user/v_user_berita.php')
 6 SYSTEMPATH/View/View.php(216): CodeIgniter\View\View->CodeIgniter\View\{closure}()
 7 SYSTEMPATH/Common.php(1142): CodeIgniter\View\View->render()
 8 APPPATH/Controllers/User/Berita.php(49): view()
 9 SYSTEMPATH/CodeIgniter.php(907): App\Controllers\User\Berita->index()
10 SYSTEMPATH/CodeIgniter.php(457): CodeIgniter\CodeIgniter->runController()
11 SYSTEMPATH/CodeIgniter.php(340): CodeIgniter\CodeIgniter->handleRequest()
12 FCPATH/index.php(67): CodeIgniter\CodeIgniter->run()
CRITICAL - 2023-09-19 05:18:04 --> Invalid file: app/views/pager/paginationbutton.php
in SYSTEMPATH/Exceptions/FrameworkException.php on line 33.
 1 SYSTEMPATH/View/View.php(201): CodeIgniter\Exceptions\FrameworkException::forInvalidFile()
 2 SYSTEMPATH/Pager/Pager.php(126): CodeIgniter\View\View->render()
 3 SYSTEMPATH/Pager/Pager.php(83): CodeIgniter\Pager\Pager->displayLinks()
 4 APPPATH/Views/user/v_user_berita.php(34): CodeIgniter\Pager\Pager->links()
 5 SYSTEMPATH/View/View.php(213): include('APPPATH/Views/user/v_user_berita.php')
 6 SYSTEMPATH/View/View.php(216): CodeIgniter\View\View->CodeIgniter\View\{closure}()
 7 SYSTEMPATH/Common.php(1142): CodeIgniter\View\View->render()
 8 APPPATH/Controllers/User/Berita.php(49): view()
 9 SYSTEMPATH/CodeIgniter.php(907): App\Controllers\User\Berita->index()
10 SYSTEMPATH/CodeIgniter.php(457): CodeIgniter\CodeIgniter->runController()
11 SYSTEMPATH/CodeIgniter.php(340): CodeIgniter\CodeIgniter->handleRequest()
12 FCPATH/index.php(67): CodeIgniter\CodeIgniter->run()
CRITICAL - 2023-09-19 05:18:14 --> Invalid file: app/views/pager/paginationbutton.php
in SYSTEMPATH/Exceptions/FrameworkException.php on line 33.
 1 SYSTEMPATH/View/View.php(201): CodeIgniter\Exceptions\FrameworkException::forInvalidFile()
 2 SYSTEMPATH/Pager/Pager.php(126): CodeIgniter\View\View->render()
 3 SYSTEMPATH/Pager/Pager.php(83): CodeIgniter\Pager\Pager->displayLinks()
 4 APPPATH/Views/user/v_user_berita.php(34): CodeIgniter\Pager\Pager->links()
 5 SYSTEMPATH/View/View.php(213): include('APPPATH/Views/user/v_user_berita.php')
 6 SYSTEMPATH/View/View.php(216): CodeIgniter\View\View->CodeIgniter\View\{closure}()
 7 SYSTEMPATH/Common.php(1142): CodeIgniter\View\View->render()
 8 APPPATH/Controllers/User/Berita.php(49): view()
 9 SYSTEMPATH/CodeIgniter.php(907): App\Controllers\User\Berita->index()
10 SYSTEMPATH/CodeIgniter.php(457): CodeIgniter\CodeIgniter->runController()
11 SYSTEMPATH/CodeIgniter.php(340): CodeIgniter\CodeIgniter->handleRequest()
12 FCPATH/index.php(67): CodeIgniter\CodeIgniter->run()
CRITICAL - 2023-09-19 05:22:40 --> Invalid file: App\Views\Pager\paginationbutton.php
in SYSTEMPATH/Exceptions/FrameworkException.php on line 33.
 1 SYSTEMPATH/View/View.php(201): CodeIgniter\Exceptions\FrameworkException::forInvalidFile()
 2 SYSTEMPATH/Pager/Pager.php(126): CodeIgniter\View\View->render()
 3 SYSTEMPATH/Pager/Pager.php(83): CodeIgniter\Pager\Pager->displayLinks()
 4 APPPATH/Views/user/v_user_berita.php(34): CodeIgniter\Pager\Pager->links()
 5 SYSTEMPATH/View/View.php(213): include('APPPATH/Views/user/v_user_berita.php')
 6 SYSTEMPATH/View/View.php(216): CodeIgniter\View\View->CodeIgniter\View\{closure}()
 7 SYSTEMPATH/Common.php(1142): CodeIgniter\View\View->render()
 8 APPPATH/Controllers/User/Berita.php(49): view()
 9 SYSTEMPATH/CodeIgniter.php(907): App\Controllers\User\Berita->index()
10 SYSTEMPATH/CodeIgniter.php(457): CodeIgniter\CodeIgniter->runController()
11 SYSTEMPATH/CodeIgniter.php(340): CodeIgniter\CodeIgniter->handleRequest()
12 FCPATH/index.php(67): CodeIgniter\CodeIgniter->run()
CRITICAL - 2023-09-19 05:22:47 --> Invalid file: App\Views\Pager\Paginationbutton.php
in SYSTEMPATH/Exceptions/FrameworkException.php on line 33.
 1 SYSTEMPATH/View/View.php(201): CodeIgniter\Exceptions\FrameworkException::forInvalidFile()
 2 SYSTEMPATH/Pager/Pager.php(126): CodeIgniter\View\View->render()
 3 SYSTEMPATH/Pager/Pager.php(83): CodeIgniter\Pager\Pager->displayLinks()
 4 APPPATH/Views/user/v_user_berita.php(34): CodeIgniter\Pager\Pager->links()
 5 SYSTEMPATH/View/View.php(213): include('APPPATH/Views/user/v_user_berita.php')
 6 SYSTEMPATH/View/View.php(216): CodeIgniter\View\View->CodeIgniter\View\{closure}()
 7 SYSTEMPATH/Common.php(1142): CodeIgniter\View\View->render()
 8 APPPATH/Controllers/User/Berita.php(49): view()
 9 SYSTEMPATH/CodeIgniter.php(907): App\Controllers\User\Berita->index()
10 SYSTEMPATH/CodeIgniter.php(457): CodeIgniter\CodeIgniter->runController()
11 SYSTEMPATH/CodeIgniter.php(340): CodeIgniter\CodeIgniter->handleRequest()
12 FCPATH/index.php(67): CodeIgniter\CodeIgniter->run()
CRITICAL - 2023-09-19 05:23:09 --> Invalid file: App\Views\Pager\Paginationbutton.php
in SYSTEMPATH/Exceptions/FrameworkException.php on line 33.
 1 SYSTEMPATH/View/View.php(201): CodeIgniter\Exceptions\FrameworkException::forInvalidFile()
 2 SYSTEMPATH/Pager/Pager.php(126): CodeIgniter\View\View->render()
 3 SYSTEMPATH/Pager/Pager.php(83): CodeIgniter\Pager\Pager->displayLinks()
 4 APPPATH/Views/user/v_user_berita.php(34): CodeIgniter\Pager\Pager->links()
 5 SYSTEMPATH/View/View.php(213): include('APPPATH/Views/user/v_user_berita.php')
 6 SYSTEMPATH/View/View.php(216): CodeIgniter\View\View->CodeIgniter\View\{closure}()
 7 SYSTEMPATH/Common.php(1142): CodeIgniter\View\View->render()
 8 APPPATH/Controllers/User/Berita.php(49): view()
 9 SYSTEMPATH/CodeIgniter.php(907): App\Controllers\User\Berita->index()
10 SYSTEMPATH/CodeIgniter.php(457): CodeIgniter\CodeIgniter->runController()
11 SYSTEMPATH/CodeIgniter.php(340): CodeIgniter\CodeIgniter->handleRequest()
12 FCPATH/index.php(67): CodeIgniter\CodeIgniter->run()
CRITICAL - 2023-09-19 05:24:48 --> Invalid file: App\Views\Pager\Paginationbutton.php
in SYSTEMPATH/Exceptions/FrameworkException.php on line 33.
 1 SYSTEMPATH/View/View.php(201): CodeIgniter\Exceptions\FrameworkException::forInvalidFile()
 2 SYSTEMPATH/Pager/Pager.php(126): CodeIgniter\View\View->render()
 3 SYSTEMPATH/Pager/Pager.php(83): CodeIgniter\Pager\Pager->displayLinks()
 4 APPPATH/Views/user/v_user_berita.php(34): CodeIgniter\Pager\Pager->links()
 5 SYSTEMPATH/View/View.php(213): include('APPPATH/Views/user/v_user_berita.php')
 6 SYSTEMPATH/View/View.php(216): CodeIgniter\View\View->CodeIgniter\View\{closure}()
 7 SYSTEMPATH/Common.php(1142): CodeIgniter\View\View->render()
 8 APPPATH/Controllers/User/Berita.php(49): view()
 9 SYSTEMPATH/CodeIgniter.php(907): App\Controllers\User\Berita->index()
10 SYSTEMPATH/CodeIgniter.php(457): CodeIgniter\CodeIgniter->runController()
11 SYSTEMPATH/CodeIgniter.php(340): CodeIgniter\CodeIgniter->handleRequest()
12 FCPATH/index.php(67): CodeIgniter\CodeIgniter->run()
CRITICAL - 2023-09-19 05:30:41 --> front_full is not a valid Pager template.
in SYSTEMPATH/Pager/Pager.php on line 120.
 1 SYSTEMPATH/Pager/Pager.php(120): CodeIgniter\Pager\Exceptions\PagerException::forInvalidTemplate()
 2 SYSTEMPATH/Pager/Pager.php(83): CodeIgniter\Pager\Pager->displayLinks()
 3 APPPATH/Views/user/v_user_berita.php(34): CodeIgniter\Pager\Pager->links()
 4 SYSTEMPATH/View/View.php(213): include('APPPATH/Views/user/v_user_berita.php')
 5 SYSTEMPATH/View/View.php(216): CodeIgniter\View\View->CodeIgniter\View\{closure}()
 6 SYSTEMPATH/Common.php(1142): CodeIgniter\View\View->render()
 7 APPPATH/Controllers/User/Berita.php(49): view()
 8 SYSTEMPATH/CodeIgniter.php(907): App\Controllers\User\Berita->index()
 9 SYSTEMPATH/CodeIgniter.php(457): CodeIgniter\CodeIgniter->runController()
10 SYSTEMPATH/CodeIgniter.php(340): CodeIgniter\CodeIgniter->handleRequest()
11 FCPATH/index.php(67): CodeIgniter\CodeIgniter->run()
CRITICAL - 2023-09-19 05:36:41 --> pagination is not a valid Pager template.
in SYSTEMPATH/Pager/Pager.php on line 120.
 1 SYSTEMPATH/Pager/Pager.php(120): CodeIgniter\Pager\Exceptions\PagerException::forInvalidTemplate()
 2 SYSTEMPATH/Pager/Pager.php(83): CodeIgniter\Pager\Pager->displayLinks()
 3 APPPATH/Views/user/v_user_berita.php(34): CodeIgniter\Pager\Pager->links()
 4 SYSTEMPATH/View/View.php(213): include('APPPATH/Views/user/v_user_berita.php')
 5 SYSTEMPATH/View/View.php(216): CodeIgniter\View\View->CodeIgniter\View\{closure}()
 6 SYSTEMPATH/Common.php(1142): CodeIgniter\View\View->render()
 7 APPPATH/Controllers/User/Berita.php(49): view()
 8 SYSTEMPATH/CodeIgniter.php(907): App\Controllers\User\Berita->index()
 9 SYSTEMPATH/CodeIgniter.php(457): CodeIgniter\CodeIgniter->runController()
10 SYSTEMPATH/CodeIgniter.php(340): CodeIgniter\CodeIgniter->handleRequest()
11 FCPATH/index.php(67): CodeIgniter\CodeIgniter->run()
CRITICAL - 2023-09-19 05:37:39 --> Invalid file: App\Views\Pager\Paginationbutton.php
in SYSTEMPATH/Exceptions/FrameworkException.php on line 33.
 1 SYSTEMPATH/View/View.php(201): CodeIgniter\Exceptions\FrameworkException::forInvalidFile()
 2 SYSTEMPATH/Pager/Pager.php(126): CodeIgniter\View\View->render()
 3 SYSTEMPATH/Pager/Pager.php(83): CodeIgniter\Pager\Pager->displayLinks()
 4 APPPATH/Views/user/v_user_berita.php(34): CodeIgniter\Pager\Pager->links()
 5 SYSTEMPATH/View/View.php(213): include('APPPATH/Views/user/v_user_berita.php')
 6 SYSTEMPATH/View/View.php(216): CodeIgniter\View\View->CodeIgniter\View\{closure}()
 7 SYSTEMPATH/Common.php(1142): CodeIgniter\View\View->render()
 8 APPPATH/Controllers/User/Berita.php(49): view()
 9 SYSTEMPATH/CodeIgniter.php(907): App\Controllers\User\Berita->index()
10 SYSTEMPATH/CodeIgniter.php(457): CodeIgniter\CodeIgniter->runController()
11 SYSTEMPATH/CodeIgniter.php(340): CodeIgniter\CodeIgniter->handleRequest()
12 FCPATH/index.php(67): CodeIgniter\CodeIgniter->run()
CRITICAL - 2023-09-19 05:40:34 --> Invalid file: App\Views\Pager\Paginationbutton.php
in SYSTEMPATH/Exceptions/FrameworkException.php on line 33.
 1 SYSTEMPATH/View/View.php(201): CodeIgniter\Exceptions\FrameworkException::forInvalidFile()
 2 SYSTEMPATH/Pager/Pager.php(126): CodeIgniter\View\View->render()
 3 SYSTEMPATH/Pager/Pager.php(83): CodeIgniter\Pager\Pager->displayLinks()
 4 APPPATH/Views/user/v_user_berita.php(34): CodeIgniter\Pager\Pager->links()
 5 SYSTEMPATH/View/View.php(213): include('APPPATH/Views/user/v_user_berita.php')
 6 SYSTEMPATH/View/View.php(216): CodeIgniter\View\View->CodeIgniter\View\{closure}()
 7 SYSTEMPATH/Common.php(1142): CodeIgniter\View\View->render()
 8 APPPATH/Controllers/User/Berita.php(49): view()
 9 SYSTEMPATH/CodeIgniter.php(907): App\Controllers\User\Berita->index()
10 SYSTEMPATH/CodeIgniter.php(457): CodeIgniter\CodeIgniter->runController()
11 SYSTEMPATH/CodeIgniter.php(340): CodeIgniter\CodeIgniter->handleRequest()
12 FCPATH/index.php(67): CodeIgniter\CodeIgniter->run()
